Build started 5/7/2015 11:26:22 PM.
     1>Project "C:\Users\ZHAO\Desktop\rainBow\code.vcxproj" on node 2 (Build target(s)).
     1>ClCompile:
         C:\Program Files (x86)\Microsoft Visual Studio 11.0\VC\bin\CL.exe /c /IC:\OpenGL\include /ZI /nologo /W3 /WX- /Od /Oy- /D WIN32 /D _DEBUG /D _CONSOLE /D _UNICODE /D UNICODE /Gm /EHsc /RTC1 /MDd /GS /fp:precise /Zc:wchar_t /Zc:forScope /Fo"Debug\\" /Fd"Debug\vc110.pdb" /Gd /TP /analyze- /errorReport:prompt scene.cpp tmesh.cpp
         tmesh.cpp
         scene.cpp
         Generating Code...
       Link:
         C:\Program Files (x86)\Microsoft Visual Studio 11.0\VC\bin\link.exe /ERRORREPORT:PROMPT /OUT:"C:\Users\ZHAO\Desktop\rainBow\Debug\rainBow.exe" /INCREMENTAL /NOLOGO /LIBPATH:C:\OpenGL\lib cg.lib cgGL.lib tiff.lib fltk.lib fltkgl.lib opengl32.lib glu32.lib wsock32.lib comctl32.lib kernel32.lib user32.lib gdi32.lib winspool.lib comdlg32.lib advapi32.lib shell32.lib ole32.lib oleaut32.lib uuid.lib odbc32.lib odbccp32.lib /MANIFEST /MANIFESTUAC:"level='asInvoker' uiAccess='false'" /manifest:embed /DEBUG /PDB:"C:\Users\ZHAO\Desktop\rainBow\Debug\rainBow.pdb" /SUBSYSTEM:CONSOLE /TLBID:1 /DYNAMICBASE /NXCOMPAT /IMPLIB:"C:\Users\ZHAO\Desktop\rainBow\Debug\rainBow.lib" /MACHINE:X86 /SAFESEH Debug\CGInterface.obj
         Debug\framebuffer.obj
         Debug\gui.obj
         Debug\m33.obj
         Debug\ppc.obj
         Debug\scene.obj
         Debug\tmesh.obj
         Debug\v3.obj
         code.vcxproj -> C:\Users\ZHAO\Desktop\rainBow\Debug\rainBow.exe
     1>Done Building Project "C:\Users\ZHAO\Desktop\rainBow\code.vcxproj" (Build target(s)).

Build succeeded.

Time Elapsed 00:00:02.71
